<?xml version="1.0" encoding="UTF-8"?>
<!-- Generated by org.testng.reporters.JUnitXMLReporter -->
<testsuite ignored="0" hostname="Dell-Pc-03" failures="0" tests="5" name="Default test" time="80.11" errors="0" timestamp="2023-06-08T15:15:51 IST">
  <testcase classname="test.Login" name="logintest" time="27.11"/>
  <testcase classname="test.Login" name="logintest" time="23.198"/>
  <testcase classname="test.Login" name="logintest" time="8.681"/>
  <testcase classname="test.Login" name="logintest" time="8.961"/>
  <testcase classname="test.Login" name="logintest" time="11.191"/>
</testsuite> <!-- Default test -->
