<?xml version="1.0" encoding="UTF-8"?>
<!-- Generated by org.testng.reporters.JUnitXMLReporter -->
<testsuite ignored="0" hostname="Dell-Pc-03" failures="0" tests="4" name="Test" time="213.917" errors="0" timestamp="2023-08-28T15:04:03 IST">
  <testcase classname="com.OpenCart.TestCases.MyAccountPage_TestCase" name="VerifyRegistration" time="62.421"/>
  <testcase classname="com.OpenCart.TestCases.MyAccountPage_TestCase" name="verifyLogin" time="53.985"/>
  <testcase classname="com.OpenCart.TestCases.MyAccountPage_TestCase" name="verifySinOut" time="57.896"/>
  <testcase classname="com.OpenCart.TestCases.MyAccountPage_TestCase" name="VerifyInvalidLogin" time="3.032"/>
</testsuite> <!-- Test -->
