<?xml version="1.0" encoding="UTF-8"?>
<!-- Generated by org.testng.reporters.JUnitXMLReporter -->
<testsuite ignored="0" hostname="Dell-Pc-03" failures="0" tests="5" name="Test" time="52.725" errors="0" timestamp="2023-06-08T16:18:21 IST">
  <testcase classname="test.Login" name="logintest" time="10.937"/>
  <testcase classname="test.Login" name="logintest" time="7.717"/>
  <testcase classname="test.Login" name="logintest" time="8.148"/>
  <testcase classname="test.Login" name="logintest" time="10.498"/>
  <testcase classname="test.Login" name="logintest" time="14.848"/>
</testsuite> <!-- Test -->
