<?xml version="1.0" encoding="UTF-8"?>
<!-- Generated by org.testng.reporters.JUnitXMLReporter -->
<testsuite ignored="1" hostname="Dell-Pc-03" failures="0" tests="8" name="Test" time="180.988" errors="0" timestamp="2023-09-01T16:53:21 IST">
  <testcase classname="com.OpenCart.TestCases.MyAccountPage_TestCase" name="VerifyRegistration" time="23.686"/>
  <testcase classname="com.OpenCart.TestCases.MyAccountPage_TestCase" name="verifyLogin" time="25.406"/>
  <testcase classname="com.OpenCart.TestCases.MyAccountPage_TestCase" name="verifySinOut" time="36.514"/>
  <testcase classname="com.OpenCart.TestCases.MyAccountPage_TestCase" name="VerifyInvalidLogin" time="6.773"/>
  <testcase classname="com.OpenCart.TestCases.MyAccountPage_TestCase" name="Verify_User_Existing_Email" time="7.97"/>
  <testcase classname="com.OpenCart.TestCases.MyHomePage_TestCases" name="Verify_ContatUS" time="7.739"/>
  <testcase classname="com.OpenCart.TestCases.MyHomePage_TestCases" name="Verify_TestCase" time="4.768"/>
  <testcase classname="com.OpenCart.TestCases.SerachProduct" name="AddViewCart" time="32.432"/>
  <testcase classname="com.OpenCart.TestCases.SerachProduct" name="VeriySearchProduct" time="0.0">
    <ignored/>
  </testcase> <!-- VeriySearchProduct -->
</testsuite> <!-- Test -->
