<?xml version="1.0" encoding="UTF-8"?>
<testsuite xmlns:xsi="http://www.w3.org/2001/XMLSchema-instance" xsi:noNamespaceSchemaLocation="https://maven.apache.org/surefire/maven-surefire-plugin/xsd/surefire-test-report-3.0.xsd" version="3.0" name="TestSuite" time="210.17" tests="7" errors="0" skipped="0" failures="0">
  <properties>
[...]
</properties>
  <testcase name="VerifyRegistration" classname="com.OpenCart.TestCases.MyAccountPage_TestCase" time="38.13">
    <system-out><![CDATA[on Start Method invoke...........
Name of test method started:VerifyRegistration
Name of test method sucessfully executed:VerifyRegistration
]]></system-out>
    <system-err><![CDATA[SLF4J: Failed to load class "org.slf4j.impl.StaticLoggerBinder".
SLF4J: Defaulting to no-operation (NOP) logger implementation
SLF4J: See http://www.slf4j.org/codes.html#StaticLoggerBinder for further details.
Starting ChromeDriver 109.0.5414.74 (e7c5703604daa9cc128ccf5a5d3e993513758913-refs/branch-heads/5414@{#1172}) on port 25707
Only local connections are allowed.
Please see https://chromedriver.chromium.org/security-considerations for suggestions on keeping ChromeDriver safe.
ChromeDriver was started successfully.
]]></system-err>
  </testcase>
  <testcase name="verifyLogin" classname="com.OpenCart.TestCases.MyAccountPage_TestCase" time="23.903">
    <system-out><![CDATA[Name of test method started:verifyLogin
Name of test method sucessfully executed:verifyLogin
]]></system-out>
  </testcase>
  <testcase name="verifySinOut" classname="com.OpenCart.TestCases.MyAccountPage_TestCase" time="35.195">
    <system-out><![CDATA[Name of test method started:verifySinOut
Name of test method sucessfully executed:verifySinOut
]]></system-out>
  </testcase>
  <testcase name="VerifyInvalidLogin" classname="com.OpenCart.TestCases.MyAccountPage_TestCase" time="8.238">
    <system-out><![CDATA[Name of test method started:VerifyInvalidLogin
Name of test method sucessfully executed:VerifyInvalidLogin
]]></system-out>
  </testcase>
  <testcase name="Verify_User_Existing_Email" classname="com.OpenCart.TestCases.MyAccountPage_TestCase" time="9.884">
    <system-out><![CDATA[Name of test method started:Verify_User_Existing_Email
Name of test method sucessfully executed:Verify_User_Existing_Email
]]></system-out>
  </testcase>
  <testcase name="Verify_ContatUS" classname="com.OpenCart.TestCases.MyHomePage_TestCases" time="5.765">
    <system-out><![CDATA[Name of test method started:Verify_ContatUS
Name of test method sucessfully executed:Verify_ContatUS
]]></system-out>
    <system-err><![CDATA[Sep 04, 2023 11:13:52 AM org.openqa.selenium.remote.http.WebSocket$Listener onError
WARNING: Connection reset
java.net.SocketException: Connection reset
	at java.base/sun.nio.ch.SocketChannelImpl.throwConnectionReset(SocketChannelImpl.java:394)
	at java.base/sun.nio.ch.SocketChannelImpl.read(SocketChannelImpl.java:426)
	at io.netty.buffer.PooledByteBuf.setBytes(PooledByteBuf.java:256)
	at io.netty.buffer.AbstractByteBuf.writeBytes(AbstractByteBuf.java:1132)
	at io.netty.channel.socket.nio.NioSocketChannel.doReadBytes(NioSocketChannel.java:357)
	at io.netty.channel.nio.AbstractNioByteChannel$NioByteUnsafe.read(AbstractNioByteChannel.java:151)
	at io.netty.channel.nio.NioEventLoop.processSelectedKey(NioEventLoop.java:788)
	at io.netty.channel.nio.NioEventLoop.processSelectedKeysOptimized(NioEventLoop.java:724)
	at io.netty.channel.nio.NioEventLoop.processSelectedKeys(NioEventLoop.java:650)
	at io.netty.channel.nio.NioEventLoop.run(NioEventLoop.java:562)
	at io.netty.util.concurrent.SingleThreadEventExecutor$4.run(SingleThreadEventExecutor.java:997)
	at io.netty.util.internal.ThreadExecutorMap$2.run(ThreadExecutorMap.java:74)
	at io.netty.util.concurrent.FastThreadLocalRunnable.run(FastThreadLocalRunnable.java:30)
	at java.base/java.lang.Thread.run(Thread.java:833)

Starting ChromeDriver 109.0.5414.74 (e7c5703604daa9cc128ccf5a5d3e993513758913-refs/branch-heads/5414@{#1172}) on port 17510
Only local connections are allowed.
Please see https://chromedriver.chromium.org/security-considerations for suggestions on keeping ChromeDriver safe.
ChromeDriver was started successfully.
]]></system-err>
  </testcase>
  <testcase name="Verify_TestCase" classname="com.OpenCart.TestCases.MyHomePage_TestCases" time="7.674">
    <system-out><![CDATA[Name of test method started:Verify_TestCase
Name of test method sucessfully executed:Verify_TestCase
]]></system-out>
  </testcase>
</testsuite>