<?xml version="1.0" encoding="UTF-8"?>
<testsuite xmlns:xsi="http://www.w3.org/2001/XMLSchema-instance" xsi:noNamespaceSchemaLocation="https://maven.apache.org/surefire/maven-surefire-plugin/xsd/surefire-test-report-3.0.xsd" version="3.0" name="TestSuite" time="182.282" tests="8" errors="0" skipped="0" failures="0">
  <properties>
[...]
</properties>
  <testcase name="VerifyRegistration" classname="com.OpenCart.TestCases.MyAccountPage_TestCase" time="23.706">
    <system-out><![CDATA[on Start Method invoke...........
Name of test method started:VerifyRegistration
Name of test method sucessfully executed:VerifyRegistration
]]></system-out>
    <system-err><![CDATA[SLF4J: Failed to load class "org.slf4j.impl.StaticLoggerBinder".
SLF4J: Defaulting to no-operation (NOP) logger implementation
SLF4J: See http://www.slf4j.org/codes.html#StaticLoggerBinder for further details.
Starting ChromeDriver 109.0.5414.74 (e7c5703604daa9cc128ccf5a5d3e993513758913-refs/branch-heads/5414@{#1172}) on port 32744
Only local connections are allowed.
Please see https://chromedriver.chromium.org/security-considerations for suggestions on keeping ChromeDriver safe.
ChromeDriver was started successfully.
]]></system-err>
  </testcase>
  <testcase name="verifyLogin" classname="com.OpenCart.TestCases.MyAccountPage_TestCase" time="25.406">
    <system-out><![CDATA[Name of test method started:verifyLogin
Name of test method sucessfully executed:verifyLogin
]]></system-out>
  </testcase>
  <testcase name="verifySinOut" classname="com.OpenCart.TestCases.MyAccountPage_TestCase" time="36.515">
    <system-out><![CDATA[Name of test method started:verifySinOut
Name of test method sucessfully executed:verifySinOut
]]></system-out>
  </testcase>
  <testcase name="VerifyInvalidLogin" classname="com.OpenCart.TestCases.MyAccountPage_TestCase" time="6.771">
    <system-out><![CDATA[Name of test method started:VerifyInvalidLogin
Name of test method sucessfully executed:VerifyInvalidLogin
]]></system-out>
  </testcase>
  <testcase name="Verify_User_Existing_Email" classname="com.OpenCart.TestCases.MyAccountPage_TestCase" time="7.971">
    <system-out><![CDATA[Name of test method started:Verify_User_Existing_Email
Name of test method sucessfully executed:Verify_User_Existing_Email
]]></system-out>
  </testcase>
  <testcase name="Verify_ContatUS" classname="com.OpenCart.TestCases.MyHomePage_TestCases" time="7.736">
    <system-out><![CDATA[Name of test method started:Verify_ContatUS
Name of test method sucessfully executed:Verify_ContatUS
]]></system-out>
    <system-err><![CDATA[Starting ChromeDriver 109.0.5414.74 (e7c5703604daa9cc128ccf5a5d3e993513758913-refs/branch-heads/5414@{#1172}) on port 41002
Only local connections are allowed.
Please see https://chromedriver.chromium.org/security-considerations for suggestions on keeping ChromeDriver safe.
ChromeDriver was started successfully.
]]></system-err>
  </testcase>
  <testcase name="Verify_TestCase" classname="com.OpenCart.TestCases.MyHomePage_TestCases" time="4.768">
    <system-out><![CDATA[Name of test method started:Verify_TestCase
Name of test method sucessfully executed:Verify_TestCase
]]></system-out>
  </testcase>
  <testcase name="AddViewCart" classname="com.OpenCart.TestCases.SerachProduct" time="32.43">
    <system-out><![CDATA[Name of test method started:AddViewCart
Name of test method sucessfully executed:AddViewCart
]]></system-out>
    <system-err><![CDATA[Starting ChromeDriver 109.0.5414.74 (e7c5703604daa9cc128ccf5a5d3e993513758913-refs/branch-heads/5414@{#1172}) on port 22317
Only local connections are allowed.
Please see https://chromedriver.chromium.org/security-considerations for suggestions on keeping ChromeDriver safe.
ChromeDriver was started successfully.
]]></system-err>
  </testcase>
</testsuite>