<?xml version="1.0" encoding="UTF-8"?>
<testng-results ignored="1" total="2" passed="1" failed="0" skipped="0">
  <reporter-output>
  </reporter-output>
  <suite started-at="2023-09-01T15:00:41 IST" name="Default suite" finished-at="2023-09-01T15:01:33 IST" duration-ms="51973">
    <groups>
    </groups>
    <test started-at="2023-09-01T15:00:41 IST" name="Default test" finished-at="2023-09-01T15:01:33 IST" duration-ms="51973">
      <class name="com.OpenCart.TestCases.SerachProduct">
        <test-method is-config="true" signature="Setup()[pri:0, instance:com.OpenCart.TestCases.SerachProduct@6221a451]" started-at="2023-09-01T15:00:41 IST" name="Setup" finished-at="2023-09-01T15:00:50 IST" duration-ms="9131" status="PASS">
          <reporter-output>
          </reporter-output>
        </test-method> <!-- Setup -->
        <test-method signature="AddViewCart()[pri:0, instance:com.OpenCart.TestCases.SerachProduct@6221a451]" started-at="2023-09-01T15:00:50 IST" name="AddViewCart" finished-at="2023-09-01T15:01:33 IST" duration-ms="42110" status="PASS">
          <reporter-output>
          </reporter-output>
        </test-method> <!-- AddViewCart -->
        <test-method is-config="true" signature="tearDown()[pri:0, instance:com.OpenCart.TestCases.SerachProduct@6221a451]" started-at="2023-09-01T15:01:33 IST" name="tearDown" finished-at="2023-09-01T15:01:33 IST" duration-ms="685" status="PASS">
          <reporter-output>
          </reporter-output>
        </test-method> <!-- tearDown -->
      </class> <!-- com.OpenCart.TestCases.SerachProduct -->
    </test> <!-- Default test -->
  </suite> <!-- Default suite -->
</testng-results>
